<?xml version="1.0" encoding="UTF-8"?>
<testsuite xmlns:xsi="http://www.w3.org/2001/XMLSchema-instance" xsi:noNamespaceSchemaLocation="https://maven.apache.org/surefire/maven-surefire-plugin/xsd/surefire-test-report-3.0.xsd" version="3.0" name="TestSuite" time="0.666" tests="3" errors="0" skipped="0" failures="0">
  <properties>
    <property name="surefire.suiteXmlFiles" value="testng.xml"/>
    <property name="java.specification.version" value="21"/>
    <property name="sun.jnu.encoding" value="UTF-8"/>
    <property name="java.class.path" value="/home/novelyr/QA/apiadnvanceclass/target/test-classes:/home/novelyr/QA/apiadnvanceclass/target/classes:/home/novelyr/.m2/repository/org/testng/testng/7.10.2/testng-7.10.2.jar:/home/novelyr/.m2/repository/org/slf4j/slf4j-api/1.7.36/slf4j-api-1.7.36.jar:/home/novelyr/.m2/repository/com/beust/jcommander/1.82/jcommander-1.82.jar:/home/novelyr/.m2/repository/org/webjars/jquery/3.7.1/jquery-3.7.1.jar:/home/novelyr/.m2/repository/io/rest-assured/rest-assured/5.5.0/rest-assured-5.5.0.jar:/home/novelyr/.m2/repository/org/apache/groovy/groovy/4.0.22/groovy-4.0.22.jar:/home/novelyr/.m2/repository/org/apache/groovy/groovy-xml/4.0.22/groovy-xml-4.0.22.jar:/home/novelyr/.m2/repository/org/apache/httpcomponents/httpclient/4.5.13/httpclient-4.5.13.jar:/home/novelyr/.m2/repository/org/apache/httpcomponents/httpcore/4.4.13/httpcore-4.4.13.jar:/home/novelyr/.m2/repository/commons-logging/commons-logging/1.2/commons-logging-1.2.jar:/home/novelyr/.m2/repository/commons-codec/commons-codec/1.11/commons-codec-1.11.jar:/home/novelyr/.m2/repository/org/apache/httpcomponents/httpmime/4.5.13/httpmime-4.5.13.jar:/home/novelyr/.m2/repository/org/hamcrest/hamcrest/2.2/hamcrest-2.2.jar:/home/novelyr/.m2/repository/org/ccil/cowan/tagsoup/tagsoup/1.2.1/tagsoup-1.2.1.jar:/home/novelyr/.m2/repository/io/rest-assured/json-path/5.5.0/json-path-5.5.0.jar:/home/novelyr/.m2/repository/org/apache/groovy/groovy-json/4.0.22/groovy-json-4.0.22.jar:/home/novelyr/.m2/repository/io/rest-assured/rest-assured-common/5.5.0/rest-assured-common-5.5.0.jar:/home/novelyr/.m2/repository/io/rest-assured/xml-path/5.5.0/xml-path-5.5.0.jar:/home/novelyr/.m2/repository/org/apache/commons/commons-lang3/3.11/commons-lang3-3.11.jar:/home/novelyr/.m2/repository/org/json/json/20210307/json-20210307.jar:"/>
    <property name="java.vm.vendor" value="Ubuntu"/>
    <property name="sun.arch.data.model" value="64"/>
    <property name="java.vendor.url" value="https://ubuntu.com/"/>
    <property name="user.timezone" value="Asia/Jakarta"/>
    <property name="os.name" value="Linux"/>
    <property name="java.vm.specification.version" value="21"/>
    <property name="sun.java.launcher" value="SUN_STANDARD"/>
    <property name="sun.boot.library.path" value="/usr/lib/jvm/java-21-openjdk-amd64/lib"/>
    <property name="sun.java.command" value="/home/novelyr/QA/apiadnvanceclass/target/surefire/surefirebooter-20250213131629195_3.jar /home/novelyr/QA/apiadnvanceclass/target/surefire 2025-02-13T13-16-29_016-jvmRun1 surefire-20250213131629195_1tmp surefire_0-20250213131629195_2tmp"/>
    <property name="jdk.debug" value="release"/>
    <property name="surefire.test.class.path" value="/home/novelyr/QA/apiadnvanceclass/target/test-classes:/home/novelyr/QA/apiadnvanceclass/target/classes:/home/novelyr/.m2/repository/org/testng/testng/7.10.2/testng-7.10.2.jar:/home/novelyr/.m2/repository/org/slf4j/slf4j-api/1.7.36/slf4j-api-1.7.36.jar:/home/novelyr/.m2/repository/com/beust/jcommander/1.82/jcommander-1.82.jar:/home/novelyr/.m2/repository/org/webjars/jquery/3.7.1/jquery-3.7.1.jar:/home/novelyr/.m2/repository/io/rest-assured/rest-assured/5.5.0/rest-assured-5.5.0.jar:/home/novelyr/.m2/repository/org/apache/groovy/groovy/4.0.22/groovy-4.0.22.jar:/home/novelyr/.m2/repository/org/apache/groovy/groovy-xml/4.0.22/groovy-xml-4.0.22.jar:/home/novelyr/.m2/repository/org/apache/httpcomponents/httpclient/4.5.13/httpclient-4.5.13.jar:/home/novelyr/.m2/repository/org/apache/httpcomponents/httpcore/4.4.13/httpcore-4.4.13.jar:/home/novelyr/.m2/repository/commons-logging/commons-logging/1.2/commons-logging-1.2.jar:/home/novelyr/.m2/repository/commons-codec/commons-codec/1.11/commons-codec-1.11.jar:/home/novelyr/.m2/repository/org/apache/httpcomponents/httpmime/4.5.13/httpmime-4.5.13.jar:/home/novelyr/.m2/repository/org/hamcrest/hamcrest/2.2/hamcrest-2.2.jar:/home/novelyr/.m2/repository/org/ccil/cowan/tagsoup/tagsoup/1.2.1/tagsoup-1.2.1.jar:/home/novelyr/.m2/repository/io/rest-assured/json-path/5.5.0/json-path-5.5.0.jar:/home/novelyr/.m2/repository/org/apache/groovy/groovy-json/4.0.22/groovy-json-4.0.22.jar:/home/novelyr/.m2/repository/io/rest-assured/rest-assured-common/5.5.0/rest-assured-common-5.5.0.jar:/home/novelyr/.m2/repository/io/rest-assured/xml-path/5.5.0/xml-path-5.5.0.jar:/home/novelyr/.m2/repository/org/apache/commons/commons-lang3/3.11/commons-lang3-3.11.jar:/home/novelyr/.m2/repository/org/json/json/20210307/json-20210307.jar:"/>
    <property name="sun.cpu.endian" value="little"/>
    <property name="user.home" value="/home/novelyr"/>
    <property name="user.language" value="en"/>
    <property name="java.specification.vendor" value="Oracle Corporation"/>
    <property name="java.version.date" value="2024-10-15"/>
    <property name="java.home" value="/usr/lib/jvm/java-21-openjdk-amd64"/>
    <property name="file.separator" value="/"/>
    <property name="basedir" value="/home/novelyr/QA/apiadnvanceclass"/>
    <property name="java.vm.compressedOopsMode" value="32-bit"/>
    <property name="line.separator" value="&#10;"/>
    <property name="java.vm.specification.vendor" value="Oracle Corporation"/>
    <property name="java.specification.name" value="Java Platform API Specification"/>
    <property name="surefire.real.class.path" value="/home/novelyr/QA/apiadnvanceclass/target/surefire/surefirebooter-20250213131629195_3.jar"/>
    <property name="sun.management.compiler" value="HotSpot 64-Bit Tiered Compilers"/>
    <property name="java.runtime.version" value="21.0.5+11-Ubuntu-1ubuntu124.04"/>
    <property name="user.name" value="novelyr"/>
    <property name="stdout.encoding" value="UTF-8"/>
    <property name="path.separator" value=":"/>
    <property name="os.version" value="5.15.167.4-microsoft-standard-WSL2"/>
    <property name="java.runtime.name" value="OpenJDK Runtime Environment"/>
    <property name="file.encoding" value="UTF-8"/>
    <property name="java.vm.name" value="OpenJDK 64-Bit Server VM"/>
    <property name="localRepository" value="/home/novelyr/.m2/repository"/>
    <property name="java.vendor.url.bug" value="https://bugs.launchpad.net/ubuntu/+source/openjdk-21"/>
    <property name="java.io.tmpdir" value="/tmp"/>
    <property name="java.version" value="21.0.5"/>
    <property name="user.dir" value="/home/novelyr/QA/apiadnvanceclass"/>
    <property name="os.arch" value="amd64"/>
    <property name="java.vm.specification.name" value="Java Virtual Machine Specification"/>
    <property name="native.encoding" value="UTF-8"/>
    <property name="java.library.path" value="/usr/java/packages/lib:/usr/lib/x86_64-linux-gnu/jni:/lib/x86_64-linux-gnu:/usr/lib/x86_64-linux-gnu:/usr/lib/jni:/lib:/usr/lib"/>
    <property name="stderr.encoding" value="UTF-8"/>
    <property name="java.vm.info" value="mixed mode, sharing"/>
    <property name="java.vendor" value="Ubuntu"/>
    <property name="java.vm.version" value="21.0.5+11-Ubuntu-1ubuntu124.04"/>
    <property name="sun.io.unicode.encoding" value="UnicodeLittle"/>
    <property name="java.class.version" value="65.0"/>
  </properties>
  <testcase name="scenarioTest3" classname="ParallelTestNG" time="0.016">
    <system-out><![CDATA[ini adalah scenario test 2
ini adalah scenario test 3
ini adalah scenario test 1
Thread 2 : 26
Thread 3 : 27
Thread 1 : 25
]]></system-out>
    <system-err><![CDATA[SLF4J: Failed to load class "org.slf4j.impl.StaticLoggerBinder".
SLF4J: Defaulting to no-operation (NOP) logger implementation
SLF4J: See http://www.slf4j.org/codes.html#StaticLoggerBinder for further details.
]]></system-err>
  </testcase>
  <testcase name="scenarioTest2" classname="ParallelTestNG" time="0.018"/>
  <testcase name="scenarioTest1" classname="ParallelTestNG" time="0.018"/>
</testsuite>