<?xml version="1.0" encoding="UTF-8"?>
<!-- Generated by org.testng.reporters.JUnitReportReporter -->
<testsuite hostname="Novel-YR" failures="0" tests="4" name="TestNG" time="0.045" errors="0" timestamp="2025-02-01T21:10:45 WIB" skipped="0">
  <testcase classname="TestNG" name="parameter" time="0.009"/>
  <system-out/>
  <testcase classname="TestNG" name="scenarioTest2" time="0.013"/>
  <system-out/>
  <testcase classname="TestNG" name="scenarioTest1" time="0.012"/>
  <system-out/>
  <testcase classname="TestNG" name="scenarioTest3" time="0.011"/>
  <system-out/>
</testsuite> <!-- TestNG -->
