<?xml version="1.0" encoding="UTF-8"?>
<!-- Generated by org.testng.reporters.JUnitReportReporter -->
<testsuite hostname="Novel-YR" failures="0" tests="5" name="TestNG2" time="0.040" errors="0" timestamp="2025-02-01T21:12:33 WIB" skipped="0">
  <testcase classname="TestNG2" name="parameter2" time="0.002"/>
  <system-out/>
  <testcase classname="TestNG2" name="parameter" time="0.015"/>
  <system-out/>
  <testcase classname="TestNG2" name="parameter" time="0.001"/>
  <system-out/>
  <testcase classname="TestNG2" name="testRetry" time="0.005"/>
  <system-out/>
  <testcase classname="TestNG2" name="parameter2" time="0.017"/>
  <system-out/>
</testsuite> <!-- TestNG2 -->
