<?xml version="1.0" encoding="UTF-8"?>
<!-- Generated by org.testng.reporters.JUnitReportReporter -->
<testsuite hostname="Novel-YR" failures="0" tests="3" name="ParallelTestNG" time="0.043" errors="0" timestamp="2025-02-13T13:16:30 WIB" skipped="0">
  <testcase classname="ParallelTestNG" name="scenarioTest1" time="0.015"/>
  <testcase classname="ParallelTestNG" name="scenarioTest2" time="0.014"/>
  <testcase classname="ParallelTestNG" name="scenarioTest3" time="0.014"/>
</testsuite> <!-- ParallelTestNG -->
